<?xml version="1.0" encoding="UTF-8"?>
<!-- Generated by org.testng.reporters.JUnitXMLReporter -->
<testsuite hostname="vpathania-mpro.corp.weather.com" name="Test" tests="1" failures="0" timestamp="8 Jun 2017 13:04:02 GMT" time="0.254" errors="0">
  <testcase name="@BeforeTest Before_Test" time="0.0" classname="ANDROID_ARMS.ANDROID_ARMS.FeedAdVAlidationonUI">
    <failure type="java.lang.NullPointerException">
      <![CDATA[java.lang.NullPointerException
	at twc.Automation.HandleWithCharles.CharlesFunctions.app_download_from_hockeyapp(CharlesFunctions.java:300)
	at twc.Automation.HandleWithCharles.CharlesFunctions.openCharlesBrowser(CharlesFunctions.java:105)
	at ANDROID_ARMS.ANDROID_ARMS.FeedAdVAlidationonUI.Before_Test(FeedAdVAlidationonUI.java:67)
... Removed 22 stack frames]]>
    </failure>
  </testcase> <!-- @BeforeTest Before_Test -->
  <testcase name="Validating_feedads_and_detailpageads_fromUI" time="0.002" classname="ANDROID_ARMS.ANDROID_ARMS.FeedAdVAlidationonUI">
    <skipped/>
  </testcase> <!-- Validating_feedads_and_detailpageads_fromUI -->
</testsuite> <!-- Test -->
